<?xml version="1.0" encoding="UTF-8"?>
<!-- Generated by org.testng.reporters.JUnitXMLReporter -->
<testsuite hostname="MSSPC074" ignored="0" name="Sprint2" tests="1" failures="1" timestamp="19 Apr 2017 06:03:22 GMT" time="0.007" errors="0">
  <testcase name="loginTest" time="0.002" classname="com.pals.test.cars.TestCarsPageActions">
    <failure type="java.lang.NullPointerException">
      <![CDATA[java.lang.NullPointerException
	at org.openqa.selenium.support.pagefactory.DefaultElementLocator.findElement(DefaultElementLocator.java:69)
	at org.openqa.selenium.support.pagefactory.internal.LocatingElementHandler.invoke(LocatingElementHandler.java:38)
	at com.sun.proxy.$Proxy7.click(Unknown Source)
	at com.pals.page.objects.CarsPage.sidebarclick(CarsPage.java:16)
	at com.pals.test.cars.TestCarsPageActions.loginTest(TestCarsPageActions.java:30)
... Removed 25 stack frames]]>
    </failure>
  </testcase> <!-- loginTest -->
</testsuite> <!-- Sprint2 -->
