# JRE version: Java(TM) SE Runtime Environment (10.0.1+10) (build 10.0.1+10)
# Java VM: Java HotSpot(TM) 64-Bit Server VM (10.0.1+10, mixed mode, tiered, compressed oops, g1 gc, linux-amd64)
Heap:
 garbage-first heap   total 1077248K, used 225465K [0x0000000084e00000, 0x0000000100000000)
  region size 1024K, 2 young (2048K), 2 survivors (2048K)
 Metaspace       used 121279K, capacity 124079K, committed 124752K, reserved 1161216K
  class space    used 12338K, capacity 13190K, committed 13440K, reserved 1048576K
GC Heap History (10 events):
Event: 2262.070 GC heap after
{Heap after GC invocations=112 (full 5):
 garbage-first heap   total 454656K, used 236873K [0x0000000084e00000, 0x0000000100000000)
  region size 1024K, 5 young (5120K), 5 survivors (5120K)
 Metaspace       used 120899K, capacity 123729K, committed 124496K, reserved 1161216K
  class space    used 12321K, capacity 13167K, committed 13440K, reserved 1048576K
}
Event: 2294.068 GC heap before
{Heap before GC invocations=113 (full 5):
 garbage-first heap   total 454656K, used 356681K [0x0000000084e00000, 0x0000000100000000)
  region size 1024K, 122 young (124928K), 5 survivors (5120K)
 Metaspace       used 121342K, capacity 124169K, committed 124752K, reserved 1161216K
  class space    used 12346K, capacity 13203K, committed 13440K, reserved 1048576K
}
Event: 2295.666 GC heap after
{Heap after GC invocations=114 (full 5):
 garbage-first heap   total 454656K, used 240327K [0x0000000084e00000, 0x0000000100000000)
  region size 1024K, 8 young (8192K), 8 survivors (8192K)
 Metaspace       used 121342K, capacity 124169K, committed 124752K, reserved 1161216K
  class space    used 12346K, capacity 13203K, committed 13440K, reserved 1048576K
}
Event: 2297.739 GC heap before
{Heap before GC invocations=114 (full 5):
 garbage-first heap   total 454656K, used 240327K [0x0000000084e00000, 0x0000000100000000)
  region size 1024K, 9 young (9216K), 8 survivors (8192K)
 Metaspace       used 121345K, capacity 124175K, committed 124752K, reserved 1161216K
  class space    used 12347K, capacity 13205K, committed 13440K, reserved 1048576K
}
Event: 2300.464 GC heap after
{Heap after GC invocations=115 (full 6):
 garbage-first heap   total 454656K, used 220482K [0x0000000084e00000, 0x0000000100000000)
  region size 1024K, 0 young (0K), 0 survivors (0K)
 Metaspace       used 121278K, capacity 124073K, committed 124752K, reserved 1161216K
  class space    used 12337K, capacity 13188K, committed 13440K, reserved 1048576K
}
Event: 2316.122 GC heap before
{Heap before GC invocations=115 (full 6):
 garbage-first heap   total 454656K, used 243010K [0x0000000084e00000, 0x0000000100000000)
  region size 1024K, 22 young (22528K), 0 survivors (0K)
 Metaspace       used 121279K, capacity 124079K, committed 124752K, reserved 1161216K
  class space    used 12338K, capacity 13190K, committed 13440K, reserved 1048576K
}
Event: 2320.790 GC heap after
{Heap after GC invocations=116 (full 6):
 garbage-first heap   total 454656K, used 222530K [0x0000000084e00000, 0x0000000100000000)
  region size 1024K, 2 young (2048K), 2 survivors (2048K)
 Metaspace       used 121279K, capacity 124079K, committed 124752K, reserved 1161216K
  class space    used 12338K, capacity 13190K, committed 13440K, reserved 1048576K
}
Event: 2347.934 GC heap before
{Heap before GC invocations=117 (full 6):
 garbage-first heap   total 454656K, used 243010K [0x0000000084e00000, 0x0000000100000000)
  region size 1024K, 22 young (22528K), 2 survivors (2048K)
 Metaspace       used 121279K, capacity 124079K, committed 124752K, reserved 1161216K
  class space    used 12338K, capacity 13190K, committed 13440K, reserved 1048576K
}
Event: 2352.014 GC heap after
{Heap after GC invocations=118 (full 6):
 garbage-first heap   total 454656K, used 224048K [0x0000000084e00000, 0x0000000100000000)
  region size 1024K, 2 young (2048K), 2 survivors (2048K)
 Metaspace       used 121279K, capacity 124079K, committed 124752K, reserved 1161216K
  class space    used 12338K, capacity 13190K, committed 13440K, reserved 1048576K
}
Event: 2382.258 GC heap before
{Heap before GC invocations=118 (full 6):
 garbage-first heap   total 454656K, used 244528K [0x0000000084e00000, 0x0000000100000000)
  region size 1024K, 22 young (22528K), 2 survivors (2048K)
 Metaspace       used 121279K, capacity 124079K, committed 124752K, reserved 1161216K
  class space    used 12338K, capacity 13190K, committed 13440K, reserved 1048576K
}

